<?xml version="1.0" encoding="UTF-8"?>
<testsuite name="Como verificar el funcionamiento de la pantalla de simulación de créditos del" tests="1" skipped="0" failures="0" errors="0" timestamp="2021-06-28T14:52:13" hostname="CHMEPPF16DMC1" time="15.776">
  <properties/>
  <testcase name="verificar el funcionamiento de la pantalla simulacion de creditos" classname="Como verificar el funcionamiento de la pantalla de simulación de créditos del" time="15.776"/>
  <system-out><![CDATA[]]></system-out>
  <system-err><![CDATA[jun 28, 2021 9:52:14 AM org.openqa.selenium.remote.DesiredCapabilities chrome
INFORMACIÓN: Using `new ChromeOptions()` is preferred to `DesiredCapabilities.chrome()`
Starting ChromeDriver 91.0.4472.101 (af52a90bf87030dd1523486a1cd3ae25c5d76c9b-refs/branch-heads/4472@{#1462}) on port 18389
Only local connections are allowed.
Please see https://chromedriver.chromium.org/security-considerations for suggestions on keeping ChromeDriver safe.
ChromeDriver was started successfully.
jun 28, 2021 9:52:16 AM org.openqa.selenium.remote.ProtocolHandshake createSession
INFORMACIÓN: Detected dialect: W3C
[Test worker] INFO net.serenitybdd.core.Serenity - 
        __    _____ _____ ____ _____   ____   _    ____  ____  _____ ____  
  _     \ \  |_   _| ____/ ___|_   _| |  _ \ / \  / ___|/ ___|| ____|  _ \ 
 (_)_____| |   | | |  _| \___ \ | |   | |_) / _ \ \___ \\___ \|  _| | | | |
  _|_____| |   | | | |___ ___) || |   |  __/ ___ \ ___) |___) | |___| |_| |
 (_)     | |   |_| |_____|____/ |_|   |_| /_/   \_\____/|____/|_____|____/ 
        /_/                                                                

TEST PASSED: verificar el funcionamiento de la pantalla simulacion de creditos
----------------------------------------------------------------------------
]]></system-err>
</testsuite>
